Import Layout Template.
Copyright 2013 Mentor Graphics Corporation. All Rights Reserved.

-prj: F:\Makahiya\PCB\Makahiya.prj
-sn: DCDV
-topblock: Schematic1
-LT: 2 Layer Template
-log: F:\Makahiya\PCB\Makahiya.prj.LT.log

Import Layout Template from HKP to iCDB.
Mentor Graphics Corporation 2010. All Rights Reserved.

-s: F:\Central_Libs\Templates\Layout\2 Layer Template
-d: F:\Makahiya\PCB\Default\default.icdb
-sn: DCDV
-topblock: Schematic1
-log: F:\Makahiya\PCB\Makahiya.prj.LT.log


Conversion started...
Connected to iCDB
Locked snapshot
Converting NetClassDB...
 > application finished
Converting JobPrefsDB...
 > application finished
Converting NetPropsDB...
 > application finished
Converting PadStackDB...
 > application finished
Copying LT...
> copying PADSTACKHKP...
Converting Vias ...
	New Via added: 026VIA
	New Via added: VIA0.6
> copying JOBPREFSHKP...
Converting Layers ...
	New Layer added: DIELECTRIC_1
	New Layer added: SIGNAL_1
	New Layer added: DIELECTRIC_3
	New Layer added: SIGNAL_2
	New Layer added: DIELECTRIC_5
Converting ViaSpans ...
	New ViaSpan added: Through
		Allowed Via "026VIA" added to ViaSpan.
		Allowed Via "VIA0.6" added to ViaSpan.
Converting PartTechnology ...
	New PartTech added: ABT
	New PartTech added: AC
	New PartTech added: ACT
	New PartTech added: ALS
	New PartTech added: AS
	New PartTech added: C
	New PartTech added: E10E
	New PartTech added: E10H
	New PartTech added: E10K
	New PartTech added: E100E
	New PartTech added: E100K
	New PartTech added: FAST
	New PartTech added: FCT
	New PartTech added: GTL
	New PartTech added: HC
	New PartTech added: HCT
	New PartTech added: LS
	New PartTech added: S
	New PartTech added: TTL
> copying NETCLASSHKP...
Converting General Clearances ...
Converting Scheme ...
		New C2CClearRule added
> copying NETPROPSHKP...
Conversion finished.
Layout template imported.