Thu Nov 17 15:38:58 2016

Project path: F:\Makahiya\PCB\Default\default.icdb

Env. WDIR: D:\Programmes\ROSE\MentorGraphics\WDIR;D:\Programmes\ROSE\MentorGraphics\7.9.5EE\SDD_HOME\standard
WDIRs: 
	D:\Programmes\ROSE\MentorGraphics\WDIR
	D:\Programmes\ROSE\MentorGraphics\7.9.5EE\SDD_HOME\standard

Loaded cns files: 
	D:\Programmes\ROSE\MentorGraphics\WDIR\user.cns=b83f-5623-433f-8ba7-b0d3-ff70-1d3f-f750-68fb-38d7-a6d6-f38b
	D:\Programmes\ROSE\MentorGraphics\7.9.5EE\SDD_HOME\standard\ce_ee.cns=7.10.24 (read-only)

Loaded cns - data stored in database: D:\Programmes\ROSE\MentorGraphics\WDIR\user.cns=b83f-5623-433f-8ba7-b0d3-ff70-1d3f-f750-68fb-38d7-a6d6-f38b;D:\Programmes\ROSE\MentorGraphics\7.9.5EE\SDD_HOME\standard\ce_ee.cns=7.10.24
Before global upgrade from version: 7.10.24 to version: 7.10.24

BeforeGlobalUpgrade took 0ms, 0s

Upgrade snapshot DCDV
UpgradeSnapshot took 0ms, 0s

Upgrade snapshot PCB_Layout_Temp
UpgradeSnapshot took 0ms, 0s

Upgrade snapshot PCB
UpgradeSnapshot took 0ms, 0s

Upgrade snapshot DCDV_INST_PROP_TEMPORARY_STORAGE
UpgradeSnapshot took 15ms, 0s

Upgrade snapshot RefSync
UpgradeSnapshot took 16ms, 0s

After global upgrade
Set database cns file versions: ce_ee.cns=7.10.24;user.cns=b83f-5623-433f-8ba7-b0d3-ff70-1d3f-f750-68fb-38d7-a6d6-f38b
AfterGlobalUpgrade took 0ms, 0s

